<?xml version="1.0" encoding="UTF-8"?>
<!-- Generated by org.testng.reporters.JUnitReportReporter -->
<testsuite hostname="DESKTOP-JDQLD7V" failures="0" tests="2" name="TestClass.selectlanguagefeature" time="1.028" errors="1" timestamp="2024-11-25T16:02:46 IST" skipped="1">
  <testcase classname="TestClass.selectlanguagefeature" name="verifylanguagefunctionality" time="0.000">
    <skipped/>
    <system-out>
      <![CDATA[verifylanguagefunctionalityscriptis skipped]]>
    </system-out>
  </testcase> <!-- verifylanguagefunctionality -->
  <testcase classname="TestClass.selectlanguagefeature" name="launchbrowser" time="1.028">
    <error message="Could not start a new session. Response code 500. Message: session not created: This version of ChromeDriver only supports Chrome version 129
Current browser version is 131.0.6778.86 with binary path C:\Program Files\Google\Chrome\Application\chrome.exe
Build info: version: &#039;4.2.2&#039;, revision: &#039;683ccb65d6&#039;
System info: host: &#039;DESKTOP-JDQLD7V&#039;, ip: &#039;192.168.165.198&#039;, os.name: &#039;Windows 10&#039;, os.arch: &#039;amd64&#039;, os.version: &#039;10.0&#039;, java.version: &#039;17.0.12&#039;
Driver info: org.openqa.selenium.chrome.ChromeDriver
Command: [null, newSession {capabilities=[Capabilities {browserName: chrome, goog:chromeOptions: {args: [--remote-allow-origins=*], extensions: []}}], desiredCapabilities=Capabilities {browserName: chrome, goog:chromeOptions: {args: [--remote-allow-origins=*], extensions: []}}}]" type="org.openqa.selenium.SessionNotCreatedException">
      <![CDATA[org.openqa.selenium.SessionNotCreatedException: Could not start a new session. Response code 500. Message: session not created: This version of ChromeDriver only supports Chrome version 129
Current browser version is 131.0.6778.86 with binary path C:\Program Files\Google\Chrome\Application\chrome.exe
Build info: version: '4.2.2', revision: '683ccb65d6'
System info: host: 'DESKTOP-JDQLD7V', ip: '192.168.165.198', os.name: 'Windows 10', os.arch: 'amd64', os.version: '10.0', java.version: '17.0.12'
Driver info: org.openqa.selenium.chrome.ChromeDriver
Command: [null, newSession {capabilities=[Capabilities {browserName: chrome, goog:chromeOptions: {args: [--remote-allow-origins=*], extensions: []}}], desiredCapabilities=Capabilities {browserName: chrome, goog:chromeOptions: {args: [--remote-allow-origins=*], extensions: []}}}]
at org.openqa.selenium.remote.ProtocolHandshake.createSession(ProtocolHandshake.java:144)
at org.openqa.selenium.remote.ProtocolHandshake.createSession(ProtocolHandshake.java:102)
at org.openqa.selenium.remote.ProtocolHandshake.createSession(ProtocolHandshake.java:67)
at org.openqa.selenium.remote.HttpCommandExecutor.execute(HttpCommandExecutor.java:156)
at org.openqa.selenium.remote.service.DriverCommandExecutor.invokeExecute(DriverCommandExecutor.java:167)
at org.openqa.selenium.remote.service.DriverCommandExecutor.execute(DriverCommandExecutor.java:142)
at org.openqa.selenium.remote.RemoteWebDriver.execute(RemoteWebDriver.java:588)
at org.openqa.selenium.remote.RemoteWebDriver.startSession(RemoteWebDriver.java:283)
at org.openqa.selenium.remote.RemoteWebDriver.<init>(RemoteWebDriver.java:184)
at org.openqa.selenium.chromium.ChromiumDriver.<init>(ChromiumDriver.java:106)
at org.openqa.selenium.chrome.ChromeDriver.<init>(ChromeDriver.java:106)
at org.openqa.selenium.chrome.ChromeDriver.<init>(ChromeDriver.java:93)
at org.openqa.selenium.chrome.ChromeDriver.<init>(ChromeDriver.java:82)
at generic.BaseLib.initailizbrowser(BaseLib.java:23)
at TestClass.selectlanguagefeature.launchbrowser(selectlanguagefeature.java:44)
at java.base/jdk.internal.reflect.NativeMethodAccessorImpl.invoke0(Native Method)
at java.base/jdk.internal.reflect.NativeMethodAccessorImpl.invoke(NativeMethodAccessorImpl.java:77)
at java.base/jdk.internal.reflect.DelegatingMethodAccessorImpl.invoke(DelegatingMethodAccessorImpl.java:43)
at java.base/java.lang.reflect.Method.invoke(Method.java:568)
at org.testng.internal.invokers.MethodInvocationHelper.invokeMethod(MethodInvocationHelper.java:141)
at org.testng.internal.invokers.MethodInvocationHelper.invokeMethodConsideringTimeout(MethodInvocationHelper.java:71)
at org.testng.internal.invokers.ConfigInvoker.invokeConfigurationMethod(ConfigInvoker.java:400)
at org.testng.internal.invokers.ConfigInvoker.invokeConfigurations(ConfigInvoker.java:333)
at org.testng.internal.invokers.TestMethodWorker.invokeBeforeClassMethods(TestMethodWorker.java:188)
at org.testng.internal.invokers.TestMethodWorker.run(TestMethodWorker.java:128)
at java.base/java.util.ArrayList.forEach(ArrayList.java:1511)
at org.testng.TestRunner.privateRun(TestRunner.java:739)
at org.testng.TestRunner.run(TestRunner.java:614)
at org.testng.SuiteRunner.runTest(SuiteRunner.java:421)
at org.testng.SuiteRunner.runSequentially(SuiteRunner.java:413)
at org.testng.SuiteRunner.privateRun(SuiteRunner.java:373)
at org.testng.SuiteRunner.run(SuiteRunner.java:312)
at org.testng.SuiteRunnerWorker.runSuite(SuiteRunnerWorker.java:52)
at org.testng.SuiteRunnerWorker.run(SuiteRunnerWorker.java:95)
at org.testng.TestNG.runSuitesSequentially(TestNG.java:1274)
at org.testng.TestNG.runSuitesLocally(TestNG.java:1208)
at org.testng.TestNG.runSuites(TestNG.java:1112)
at org.testng.TestNG.run(TestNG.java:1079)
at org.testng.remote.AbstractRemoteTestNG.run(AbstractRemoteTestNG.java:115)
at org.testng.remote.RemoteTestNG.initAndRun(RemoteTestNG.java:293)
at org.testng.remote.RemoteTestNG.main(RemoteTestNG.java:91)
]]>
    </error>
  </testcase> <!-- launchbrowser -->
  <system-out>
    <![CDATA[suite execution starts:Mon Nov 25 16:01:53 IST 2024
verifyLoginforIndividualscript execution startsMon Nov 25 16:01:56 IST 2024
verifyLoginforIndividualscriptis skipped
verifyLoginpagebyCorporatescript execution startsMon Nov 25 16:01:57 IST 2024
verifyLoginpagebyCorporatescriptis skipped
verifySearchrwithinResultscript execution startsMon Nov 25 16:01:58 IST 2024
verifySearchrwithinResultscriptis skipped
verifySearchBarfunctionscript execution startsMon Nov 25 16:01:59 IST 2024
verifySearchBarfunctionscriptis skipped
verifySearchBarfunctionscript execution startsMon Nov 25 16:02:00 IST 2024
verifySearchBarfunctionscriptis skipped
verifysecondarymaterialsscript execution startsMon Nov 25 16:02:01 IST 2024
verifysecondarymaterialsscriptis skipped
verifysocailmedialinksscript execution startsMon Nov 25 16:02:02 IST 2024
verifysocailmedialinksscriptis skipped
verifythirdpagesbuttonsscript execution startsMon Nov 25 16:02:03 IST 2024
verifythirdpagesbuttonsscriptis skipped
HamBugerMenuscript execution startsMon Nov 25 16:02:04 IST 2024
HamBugerMenuscriptis skipped
verifycontactfooterscript execution startsMon Nov 25 16:02:05 IST 2024
verifycontactfooterscriptis skipped
verifyfilterbycourtsscript execution startsMon Nov 25 16:02:06 IST 2024
verifyfilterbycourtsscriptis skipped
verifysearchfilterscript execution startsMon Nov 25 16:02:07 IST 2024
verifysearchfilterscriptis skipped
verifybrokenlinksscript execution startsMon Nov 25 16:02:08 IST 2024
verifybrokenlinksscriptis skipped
verifyfilterscript execution startsMon Nov 25 16:02:09 IST 2024
verifyfilterscriptis skipped
verifyLatestLegalNewsbrokenlinksscript execution startsMon Nov 25 16:02:10 IST 2024
verifyLatestLegalNewsbrokenlinksscriptis skipped
verifyLatestLegalNewsscript execution startsMon Nov 25 16:02:11 IST 2024
verifyLatestLegalNewsscriptis skipped
verifyLatestCasesscript execution startsMon Nov 25 16:02:12 IST 2024
verifyLatestCasesscriptis skipped
verifyLatestCasesofhighcourtscript execution startsMon Nov 25 16:02:13 IST 2024
verifyLatestCasesofhighcourtscriptis skipped
verifyLatestCasesofTribunalscript execution startsMon Nov 25 16:02:14 IST 2024
verifyLatestCasesofTribunalscriptis skipped
Actlistverifyscript execution startsMon Nov 25 16:02:15 IST 2024
Actlistverifyscriptis skipped
Actlistverifyscript execution startsMon Nov 25 16:02:16 IST 2024
Actlistverifyscriptis skipped
Actlistverifyforstatescript execution startsMon Nov 25 16:02:17 IST 2024
Actlistverifyforstatescriptis skipped
ActlistStatePdfscript execution startsMon Nov 25 16:02:18 IST 2024
ActlistStatePdfscriptis skipped
verifyActListforCentralscript execution startsMon Nov 25 16:02:19 IST 2024
verifyActListforCentralscriptis skipped
verifyActlistCentralPaginationscript execution startsMon Nov 25 16:02:19 IST 2024
verifyActlistCentralPaginationscriptis skipped
verifyActlistforCentralPdfscript execution startsMon Nov 25 16:02:20 IST 2024
verifyActlistforCentralPdfscriptis skipped
verifyBlogPagesscript execution startsMon Nov 25 16:02:21 IST 2024
verifyBlogPagesscriptis skipped
VerifyHeadersLinksscript execution startsMon Nov 25 16:02:22 IST 2024
VerifyHeadersLinksscriptis skipped
VerifyHeadersOptionsscript execution startsMon Nov 25 16:02:23 IST 2024
VerifyHeadersOptionsscriptis skipped
FuturecitedinheadnotFunctionalityscript execution startsMon Nov 25 16:02:24 IST 2024
FuturecitedinheadnotFunctionalityscriptis skipped
verifyJudgmentsharescript execution startsMon Nov 25 16:02:25 IST 2024
verifyJudgmentsharescriptis skipped
verifyJudgmentAddnotescript execution startsMon Nov 25 16:02:26 IST 2024
verifyJudgmentAddnotescriptis skipped
verifyJudgmentsharescript execution startsMon Nov 25 16:02:27 IST 2024
verifyJudgmentsharescriptis skipped
verifyMovetonotebookscript execution startsMon Nov 25 16:02:28 IST 2024
verifyMovetonotebookscriptis skipped
verifybookmarksscript execution startsMon Nov 25 16:02:29 IST 2024
verifybookmarksscriptis skipped
verifyMyBookmarkspaginationsscript execution startsMon Nov 25 16:02:30 IST 2024
verifyMyBookmarkspaginationsscriptis skipped
verifynewnotescript execution startsMon Nov 25 16:02:31 IST 2024
verifynewnotescriptis skipped
verifynewnotescript execution startsMon Nov 25 16:02:32 IST 2024
verifynewnotescriptis skipped
verifynewnotescript execution startsMon Nov 25 16:02:33 IST 2024
verifynewnotescriptis skipped
verifynewnotescript execution startsMon Nov 25 16:02:34 IST 2024
verifynewnotescriptis skipped
verifynewnotescript execution startsMon Nov 25 16:02:35 IST 2024
verifynewnotescriptis skipped
VerifyPaginationsSCscript execution startsMon Nov 25 16:02:36 IST 2024
VerifyPaginationsSCscriptis skipped
VerifyPaginationsHCscript execution startsMon Nov 25 16:02:37 IST 2024
VerifyPaginationsHCscriptis skipped
VerifyPaginationsscript execution startsMon Nov 25 16:02:38 IST 2024
VerifyPaginationsscriptis skipped
profileactionsfeaturesscript execution startsMon Nov 25 16:02:38 IST 2024
profileactionsfeaturesscriptis skipped
VerifyProfileFeaturescript execution startsMon Nov 25 16:02:39 IST 2024
VerifyProfileFeaturescriptis skipped
verifyuserprofilescript execution startsMon Nov 25 16:02:40 IST 2024
verifyuserprofilescriptis skipped
savedsearchprofilescript execution startsMon Nov 25 16:02:41 IST 2024
savedsearchprofilescriptis skipped
verifySearchSaveFuncitonscript execution startsMon Nov 25 16:02:42 IST 2024
verifySearchSaveFuncitonscriptis skipped
verifylanguagefunctionalityscript execution startsMon Nov 25 16:02:43 IST 2024
verifylanguagefunctionalityscriptis skipped
verifysharedNotebookscript execution startsMon Nov 25 16:02:44 IST 2024
verifysharedNotebookscriptis skipped
verifynewnotescript execution startsMon Nov 25 16:02:45 IST 2024
verifynewnotescriptis skipped
verifySearchBarfunctionscript execution startsMon Nov 25 16:02:46 IST 2024
verifySearchBarfunctionscriptis skipped
suite execution ends:Mon Nov 25 16:02:46 IST 2024
Total suite execution time:-1mins
Total script executed:53
Total script passed:0
Total script failed:0
Total script skippped:53]]>
  </system-out>
</testsuite> <!-- TestClass.selectlanguagefeature -->
